0 info it worked if it ends with ok
1 verbose cli [ '/Users/pcorey/.nvm/versions/node/v4.2.4/bin/node',
1 verbose cli   '/Users/pcorey/.nvm/versions/node/v4.2.4/bin/npm',
1 verbose cli   'run',
1 verbose cli   'build-stage' ]
2 info using npm@2.14.12
3 info using node@v4.2.4
4 verbose stack Error: missing script: build-stage
4 verbose stack     at run (/Users/pcorey/.nvm/versions/node/v4.2.4/lib/node_modules/npm/lib/run-script.js:142:19)
4 verbose stack     at /Users/pcorey/.nvm/versions/node/v4.2.4/lib/node_modules/npm/lib/run-script.js:58:5
4 verbose stack     at /Users/pcorey/.nvm/versions/node/v4.2.4/lib/node_modules/npm/node_modules/read-package-json/read-json.js:345:5
4 verbose stack     at checkBinReferences_ (/Users/pcorey/.nvm/versions/node/v4.2.4/lib/node_modules/npm/node_modules/read-package-json/read-json.js:309:45)
4 verbose stack     at final (/Users/pcorey/.nvm/versions/node/v4.2.4/lib/node_modules/npm/node_modules/read-package-json/read-json.js:343:3)
4 verbose stack     at then (/Users/pcorey/.nvm/versions/node/v4.2.4/lib/node_modules/npm/node_modules/read-package-json/read-json.js:113:5)
4 verbose stack     at /Users/pcorey/.nvm/versions/node/v4.2.4/lib/node_modules/npm/node_modules/read-package-json/read-json.js:232:12
4 verbose stack     at /Users/pcorey/.nvm/versions/node/v4.2.4/lib/node_modules/npm/node_modules/graceful-fs/graceful-fs.js:76:16
4 verbose stack     at FSReqWrap.readFileAfterClose [as oncomplete] (fs.js:380:3)
5 verbose cwd /Users/pcorey/InjectDetect/inject_detect
6 error Darwin 15.6.0
7 error argv "/Users/pcorey/.nvm/versions/node/v4.2.4/bin/node" "/Users/pcorey/.nvm/versions/node/v4.2.4/bin/npm" "run" "build-stage"
8 error node v4.2.4
9 error npm  v2.14.12
10 error missing script: build-stage
11 error If you need help, you may report this error at:
11 error     <https://github.com/npm/npm/issues>
12 verbose exit [ 1, true ]
